ERROR: system: Crop is already defined in that package
INFO: MineTweaker: Building registry
INFO: MineTweaker: Sucessfully built item registry
INFO: Adding command minetweaker
INFO: Adding minetweaker command tooltips
INFO: Adding minetweaker command entities
INFO: Adding minetweaker command appeng
INFO: Adding minetweaker command railcraft
INFO: Adding minetweaker command mfr
WARNING: No furnace recipes for <terrafirmacraft:item.coal:1>
INFO: Removing 8 recipes
INFO: Removing 1 recipes
INFO: Removing 1 recipes
INFO: Removing 1 recipes
INFO: Removing 1 recipes
INFO: Removing 1 recipes
INFO: Removing 1 recipes
INFO: Removing 1 recipes
INFO: Removing 1 recipes
INFO: Removing 0 recipes
INFO: Removing 1 recipes
INFO: Removing 1 recipes
INFO: Removing 1 recipes
INFO: Removing 9 recipes
INFO: Removing 1 recipes
INFO: Removing 5 recipes
INFO: Removing 2 recipes
INFO: Removing 13 recipes
INFO: Removing 1 recipes
INFO: Removing 1 recipes
INFO: Removing 1 recipes
INFO: Removing 1 recipes
INFO: Removing 1 recipes
INFO: Removing 1 recipes
INFO: Removing 1 recipes
INFO: Removing 1 recipes
INFO: Removing 1 recipes
INFO: Adding recipe for Bricked Bronze Hull
INFO: Adding recipe for Bricked Steel Hull
INFO: Adding recipe for Small Coal Boiler
INFO: Adding recipe for High Pressure Coal Boiler
INFO: Adding recipe for Bronze Plated Bricks
INFO: Adding recipe for Кирпич коксовой печи
INFO: Adding recipe for Обшивка водонапорной башни
INFO: Adding recipe for Твёрдотопливная камера сгорания
INFO: Adding recipe for Жидкотопливная камера сгорания
INFO: Adding recipe for Extra Storage
INFO: Adding recipe for Огнеупорная глина
INFO: Adding recipe for Загрузчик чанков
INFO: Adding recipe for Светящаяся пыль
INFO: Adding recipe for Верстак
INFO: Adding recipe for Песчаный кирпич
INFO: Adding recipe for Железный слиток
INFO: Adding recipe for Золотой слиток
INFO: Adding recipe for Бумага
INFO: Adding recipe for Лист кованого железа
INFO: Adding recipe for Двойной слиток кованого железа
INFO: Adding recipe for Шерстяная нить
INFO: Adding recipe for Нить
INFO: Adding recipe for Оранжевый краситель
INFO: Adding recipe for Bronze Dust
INFO: Adding recipe for 1x Tin Cable
INFO: Adding recipe for 1x Lead Cable
INFO: Removing Ведро from ore dictionary entry bucketEmpty
INFO: Removing Ведро синей стали (пусто) from ore dictionary entry bucketEmpty
INFO: Removing Ведро красной стали (пусто) from ore dictionary entry bucketEmpty
INFO: Adding Тигель to ore dictionary entry craftingFurnace
INFO: Adding Блок каменной соли to ore dictionary entry oreRockSalt
INFO: Adding Булыжник из каменной соли to ore dictionary entry oreRockSalt
INFO: Adding Блок доломита to ore dictionary entry oreDolomite
INFO: Adding Булыжник из доломита to ore dictionary entry oreDolomite
INFO: Adding Гагат to ore dictionary entry oreCoal
INFO: Adding Огнеупорный кирпич to ore dictionary entry ingotBrick
INFO: Adding Сундук to ore dictionary entry craftingChest
INFO: Adding Стальная наковальня to ore dictionary entry craftingAnvil
INFO: Adding tile.Anvil.name to ore dictionary entry craftingAnvil
INFO: Adding tile.Anvil2.name to ore dictionary entry craftingAnvil
INFO: Adding Шёлковое полотно to ore dictionary entry materialAnyCloth
INFO: Adding Шерстяное полотно to ore dictionary entry materialAnyCloth
INFO: Adding Джутовое полотно to ore dictionary entry materialAnyCloth
INFO: Adding Нить to ore dictionary entry materialAnyString
INFO: Adding Шерстяная нить to ore dictionary entry materialAnyString
INFO: Adding Sinew String to ore dictionary entry materialAnyString
INFO: Adding Блок мрамора to ore dictionary entry stoneMarbleTFC
INFO: Adding Обтёсанный мрамор to ore dictionary entry stoneMarbleTFC
INFO: Adding Булыжник из мрамора to ore dictionary entry stoneMarbleTFC
INFO: Adding Кирпичи из мрамора to ore dictionary entry stoneMarbleTFC
INFO: Adding Блок базальта to ore dictionary entry stoneBasaltTFC
INFO: Adding Обтёсанный базальт to ore dictionary entry stoneBasaltTFC
INFO: Adding Булыжник из базальта to ore dictionary entry stoneBasaltTFC
INFO: Adding Кирпичи из базальта to ore dictionary entry stoneBasaltTFC
INFO: Adding furnace recipe for <ore:blockSand>
INFO: Adding furnace recipe for <ore:dustBismuthBronze>
INFO: Adding macerator recipe for Impure Pile of Marble Dust
INFO: Adding macerator recipe for Impure Pile of Basalt Dust
INFO: Adding macerator recipe for Impure Pile of Marble Dust
INFO: Adding macerator recipe for Impure Pile of Basalt Dust
INFO: Adding macerator recipe for Small Pile of Clay Dust
INFO: Adding macerator recipe for Соль
INFO: Adding forge hammer recipe for <gregtech:gt.metaitem.01:1299>
INFO: Adding compressor recipe for Шерсть
INFO: Adding alloy smelter recipe for <terrafirmacraft:Anvil:2>
INFO: Adding alloy smelter recipe for <terrafirmacraft:item.Bronze Ingot>
INFO: Adding alloy smelter recipe for <terrafirmacraft:item.Bronze Ingot>
INFO: Adding Centrifuge recipe with Fluids for <terrafirmacraft:Dirt>
INFO: Adding Centrifuge recipe with Fluids for <terrafirmacraft:Dirt:1>
INFO: Adding Centrifuge recipe with Fluids for <terrafirmacraft:Dirt:2>
INFO: Adding Centrifuge recipe with Fluids for <terrafirmacraft:Dirt:3>
INFO: Adding Centrifuge recipe with Fluids for <terrafirmacraft:Dirt:4>
INFO: Adding Centrifuge recipe with Fluids for <terrafirmacraft:Dirt:5>
INFO: Adding Centrifuge recipe with Fluids for <terrafirmacraft:Dirt:6>
INFO: Adding Centrifuge recipe with Fluids for <terrafirmacraft:Dirt:7>
INFO: Adding Centrifuge recipe with Fluids for <terrafirmacraft:Dirt:8>
INFO: Adding Centrifuge recipe with Fluids for <terrafirmacraft:Dirt:9>
INFO: Adding Centrifuge recipe with Fluids for <terrafirmacraft:Dirt:10>
INFO: Adding Centrifuge recipe with Fluids for <terrafirmacraft:Dirt:11>
INFO: Adding Centrifuge recipe with Fluids for <terrafirmacraft:Dirt:12>
INFO: Adding Centrifuge recipe with Fluids for <terrafirmacraft:Dirt:13>
INFO: Adding Centrifuge recipe with Fluids for <terrafirmacraft:Dirt:14>
INFO: Adding Centrifuge recipe with Fluids for <terrafirmacraft:Dirt:15>
INFO: Adding Centrifuge recipe with Fluids for <terrafirmacraft:Dirt2>
INFO: Adding Centrifuge recipe with Fluids for <terrafirmacraft:Dirt2:1>
INFO: Adding Centrifuge recipe with Fluids for <terrafirmacraft:Dirt2:2>
INFO: Adding Centrifuge recipe with Fluids for <terrafirmacraft:Dirt2:3>
INFO: Adding Centrifuge recipe with Fluids for <terrafirmacraft:Dirt2:4>
INFO: Adding Centrifuge recipe with Fluids for null
INFO: Adding Centrifuge recipe with Fluids for <ore:dustStone>
INFO: Removing 0 recipes
INFO: Adding assembler recipe for <gregtech:gt.metaitem.01:32749>
INFO: Adding assembler recipe for <gregtech:gt.metaitem.01:32749>
INFO: Adding assembler recipe for <gregtech:gt.metaitem.01:32749>
INFO: Adding extruder recipe for <terrafirmacraft:item.Fire Brick>
INFO: Adding Blast furnace recipe for <minecraft:blaze_rod>
INFO: Adding Distillery recipe for minetweaker.mc1710.liquid.MCLiquidStack@450742d1
INFO: Adding Distillery recipe for minetweaker.mc1710.liquid.MCLiquidStack@5b83491b
INFO: Adding Fluid Extractor recipe for <terrafirmacraft:item.dyePowder>
INFO: Adding Fluid Extractor recipe for <terrafirmacraft:Flowers>
INFO: Adding Fluid Extractor recipe for <terrafirmacraft:Flora>
INFO: Adding Fluid Extractor recipe for <terrafirmacraft:Flowers:5>
INFO: Adding Fluid Extractor recipe for <terrafirmacraft:Flowers:2>
INFO: Adding Fluid Extractor recipe for <terrafirmacraft:Flowers:1>
INFO: Adding Fluid Extractor recipe for <terrafirmacraft:Flowers:4>
INFO: Adding Fluid Extractor recipe for <terrafirmacraft:Flowers2:5>
INFO: Adding Fluid Extractor recipe for <terrafirmacraft:Flowers:3>
INFO: Adding Fluid Extractor recipe for <terrafirmacraft:Flowers2>
INFO: Adding Fluid Extractor recipe for <terrafirmacraft:Flowers2:4>
INFO: Adding Fluid Extractor recipe for <terrafirmacraft:Flowers2:1>
INFO: Adding Fluid Extractor recipe for <terrafirmacraft:Flowers2:2>
INFO: Adding Fluid Extractor recipe for <terrafirmacraft:Flowers2:7>
INFO: Adding Fluid Extractor recipe for <terrafirmacraft:Flowers2:6>
INFO: Adding Fluid Extractor recipe for <terrafirmacraft:Flowers2:3>
INFO: Adding Fluid Extractor recipe for <terrafirmacraft:Flowers2:8>
INFO: Adding Chemical Bath recipe for <terrafirmacraft:item.Reeds>
INFO: Removing 1 recipes
INFO: Removing 0 recipes
INFO: Adding recipe for Bronze Dust
INFO: Adding recipe for Bronze Dust
INFO: Adding alloy smelter recipe for <terrafirmacraft:item.Bronze Ingot>
INFO: Adding alloy smelter recipe for <terrafirmacraft:item.Bronze Ingot>
INFO: Adding alloy smelter recipe for <terrafirmacraft:item.Bronze Ingot>
INFO: Adding alloy smelter recipe for <terrafirmacraft:item.Bronze Ingot>
INFO: Adding Centrifuge recipe with Fluids for <gregtech:gt.metaitem.01:2300>
INFO: Removing 1 recipes
INFO: Removing 1 recipes
INFO: Removing 1 recipes
INFO: Removing 1 recipes
INFO: Removing 2 recipes
INFO: Removing 2 recipes
INFO: Removing 1 recipes
INFO: Removing 0 recipes
INFO: Removing 2 recipes
INFO: Removing 2 recipes
INFO: Removing 1 recipes
INFO: Removing 1 recipes
INFO: Removing 1 recipes
INFO: Removing 1 recipes
INFO: Removing 1 recipes
INFO: Removing 2 recipes
INFO: Removing 2 recipes
INFO: Removing 2 recipes
INFO: Removing 2 recipes
INFO: Removing 1 recipes
INFO: Removing 1 recipes
INFO: Removing 1 recipes
INFO: Removing 0 recipes
INFO: Removing 0 recipes
INFO: Removing 1 recipes
INFO: Removing 1 recipes
INFO: Removing 2 recipes
INFO: Removing 1 recipes
INFO: Removing 0 recipes
INFO: Removing 0 recipes
INFO: Removing 1 recipes
INFO: Removing 1 recipes
INFO: Removing 1 recipes
INFO: Removing 1 recipes
INFO: Removing 1 recipes
INFO: Removing 1 recipes
INFO: Removing 2 recipes
INFO: Removing 1 recipes
INFO: Removing 1 recipes
INFO: Removing 1 recipes
INFO: Removing 1 recipes
INFO: Removing 1 recipes
INFO: Removing 1 recipes
INFO: Removing 1 recipes
INFO: Removing 1 recipes
INFO: Removing 1 recipes
INFO: Removing 1 recipes
INFO: Removing 1 recipes
INFO: Removing 1 recipes
INFO: Removing 1 recipes
INFO: Adding recipe for Блок создания
INFO: Adding recipe for Молекулярный сборщик
INFO: Adding recipe for 1К МЭ компонент хранения
INFO: Adding recipe for МЭ корпус ячейки хранения
INFO: Adding recipe for МЭ корпус ячейки хранения
INFO: Adding recipe for МЭ накопитель
INFO: Adding recipe for МЭ интерфейс
INFO: Adding recipe for Осветительная панель
INFO: Adding recipe for МЭ сундук
INFO: Adding recipe for МЭ контроллер
INFO: Adding recipe for Конденсатор материи
INFO: Adding recipe for МЭ камера квантовой связи
INFO: Adding recipe for МЭ квантовое кольцо
INFO: Adding recipe for Приёмщик энергии
INFO: Adding recipe for МЭ порт ввода\вывода
INFO: Adding assembler recipe for <appliedenergistics2:item.ItemMultiPart:36>
INFO: Adding assembler recipe for <appliedenergistics2:item.ItemCrystalSeed:1200>.withTag({progress: 1200})
INFO: Adding assembler recipe for <appliedenergistics2:item.ItemMultiPart:140>
INFO: Adding assembler recipe for <appliedenergistics2:item.ItemMultiPart:140>
INFO: Adding assembler recipe for <appliedenergistics2:item.ItemMultiPart:16>
INFO: Adding assembler recipe for <appliedenergistics2:item.ItemMultiPart:16>
INFO: Adding assembler recipe for <appliedenergistics2:item.ItemMultiMaterial:39>
INFO: Adding assembler recipe for <appliedenergistics2:item.ItemMultiMaterial:39>
INFO: Adding assembler recipe for <appliedenergistics2:item.ItemMultiMaterial:36>
INFO: Adding assembler recipe for <appliedenergistics2:item.ItemMultiMaterial:37>
INFO: Adding assembler recipe for <appliedenergistics2:item.ItemMultiMaterial:38>
INFO: Adding assembler recipe for <appliedenergistics2:item.ItemMultiPart:56>
INFO: Adding assembler recipe for <appliedenergistics2:item.ItemMultiPart:76>
INFO: Adding assembler recipe for <appliedenergistics2:tile.BlockEnergyCell>
INFO: Adding assembler recipe for <appliedenergistics2:tile.BlockDenseEnergyCell>
INFO: Adding Forming Press recipe for <appliedenergistics2:item.ItemMultiMaterial:44>
INFO: Adding Forming Press recipe for <appliedenergistics2:item.ItemMultiMaterial:43>
INFO: Adding Forming Press recipe for <appliedenergistics2:item.ItemBasicStorageCell.1k>
INFO: Adding Forming Press recipe for <appliedenergistics2:item.ItemBasicStorageCell.4k>
INFO: Adding Forming Press recipe for <appliedenergistics2:item.ItemBasicStorageCell.16k>
INFO: Adding Forming Press recipe for <appliedenergistics2:item.ItemBasicStorageCell.64k>
INFO: Adding Pulverizer recipe for <appliedenergistics2:item.ItemMultiMaterial:12>
INFO: Removing 1 recipes
INFO: Removing 1 recipes
INFO: Removing 1 recipes
INFO: Removing 2 recipes
INFO: Removing 1 recipes
INFO: Removing 1 recipes
INFO: Adding Молоток плотника to ore dictionary entry CarpentersHammer
INFO: Adding recipe for Кровать плотника
INFO: Adding recipe for Стамеска плотника
INFO: Adding recipe for Молоток плотника
INFO: Adding recipe for Блок плотника
INFO: Adding recipe for Сейф плотника
INFO: Adding assembler recipe for <CarpentersBlocks:blockCarpentersBlock>
INFO: Removing 1 recipes
INFO: Removing 1 recipes
INFO: Removing 1 recipes
INFO: Removing 1 recipes
INFO: Removing 1 recipes
INFO: Adding recipe for Switch Button
INFO: Adding recipe for Fancy Button
INFO: Adding recipe for Fancy Handle
INFO: Adding recipe for Knife Switch
INFO: Adding recipe for Stationary Handle
INFO: Removing 1 recipes
INFO: Removing 0 recipes
INFO: Removing 0 recipes
INFO: Removing 0 recipes
INFO: Removing 0 recipes
INFO: Removing 0 recipes
INFO: Removing 1 recipes
INFO: Removing 1 recipes
INFO: Removing 1 recipes
INFO: Removing 1 recipes
INFO: Removing 1 recipes
INFO: Removing 1 recipes
INFO: Removing 1 recipes
INFO: Removing 1 recipes
INFO: Removing 1 recipes
INFO: Removing 1 recipes
INFO: Removing 1 recipes
INFO: Removing 1 recipes
INFO: Removing 1 recipes
INFO: Removing 1 recipes
INFO: Removing 1 recipes
INFO: Removing 1 recipes
INFO: Removing 1 recipes
INFO: Removing 1 recipes
INFO: Removing 1 recipes
INFO: Removing 1 recipes
INFO: Removing 1 recipes
INFO: Removing 1 recipes
INFO: Removing 2 recipes
INFO: Removing 4 recipes
INFO: Removing 1 recipes
INFO: Removing 1 recipes
INFO: Removing 1 recipes
INFO: Removing 1 recipes
INFO: Removing 1 recipes
INFO: Removing 1 recipes
INFO: Removing 1 recipes
INFO: Removing 1 recipes
INFO: Removing 3 recipes
INFO: Removing 1 recipes
INFO: Removing 1 recipes
INFO: Adding recipe for Квантовые ботинки
INFO: Adding recipe for Квантовые поножи
INFO: Adding recipe for Квантовая кираса
INFO: Adding recipe for Квантовый шлем
INFO: Adding recipe for Нано-шлем
INFO: Adding recipe for Нано-ботинки
INFO: Adding recipe for Нано-поножи
INFO: Adding recipe for Нано-кираса
INFO: Adding recipe for Гравитационный жилет
INFO: Adding recipe for Улучшенный наножилет
INFO: Adding recipe for Улучшенный электро джетапак
INFO: Adding recipe for Электрический реактивный ранец
INFO: Adding recipe for itemEngineBoost.name
INFO: Adding recipe for Шахтёрский лазер
INFO: Adding recipe for Ваджра
INFO: Adding recipe for Ультимейт лаппак
INFO: Adding recipe for Улучшенный лаппак
INFO: Adding recipe for Прибор ночного видения
INFO: Adding recipe for Заряжающая плита (МФСУ)
INFO: Adding recipe for Заряжающая плита (МФЭ)
INFO: Adding recipe for Заряжающая плита (МЭХ)
INFO: Adding recipe for Заряжающая плита (Энергохранилище)
INFO: Adding recipe for МФЭХ
INFO: Adding recipe for МФЭ
INFO: Adding recipe for МЭХ
INFO: Adding recipe for Энергохранилище
INFO: Adding recipe for Трансформатор СН
INFO: Adding recipe for Трансформатор ВН
INFO: Adding recipe for Трансформатор СВН
INFO: Adding recipe for Трансформатор НН
INFO: Adding recipe for itemGravitationEngine.name
INFO: Adding recipe for itemSuperConductorCover.name
INFO: Adding recipe for itemSuperConductor.name
INFO: Adding recipe for itemVajraCore.name
INFO: Adding recipe for itemMagnetron.name
INFO: Adding recipe for Автосадовник
INFO: Adding recipe for Промышленная информационная панель
INFO: Adding recipe for Расширитель продвинутой информационной панели
INFO: Adding recipe for Промышленная сирена
INFO: Adding recipe for Сирена «Ревун»
INFO: Adding recipe for Электролампа
INFO: Adding recipe for Электролампа
INFO: Removing 1 recipes
INFO: Removing 1 recipes
INFO: Removing 1 recipes
INFO: Removing 1 recipes
INFO: Removing 1 recipes
INFO: Removing 1 recipes
INFO: Adding recipe for Ржавая лестница
INFO: Adding recipe for Дверная фабрика
INFO: Adding recipe for Смешиватель блоков
INFO: Adding recipe for Датчик игрока
INFO: Adding recipe for Задвижной люк
INFO: Adding recipe for Гаражная дверь
ERROR: OpenModularTurrets.zs:146 > null has not operators
INFO: Removing 1 recipes
INFO: Removing 1 recipes
INFO: Removing 1 recipes
INFO: Removing 1 recipes
INFO: Removing 1 recipes
INFO: Removing 1 recipes
INFO: Removing 1 recipes
INFO: Removing 1 recipes
INFO: Removing 1 recipes
INFO: Removing 1 recipes
INFO: Removing 1 recipes
INFO: Removing 1 recipes
INFO: Removing 1 recipes
INFO: Removing 1 recipes
INFO: Removing 1 recipes
INFO: Removing 1 recipes
INFO: Removing 1 recipes
INFO: Removing 1 recipes
INFO: Removing 1 recipes
INFO: Removing 1 recipes
INFO: Removing 1 recipes
INFO: Removing 1 recipes
INFO: Removing 1 recipes
INFO: Removing 1 recipes
INFO: Removing 1 recipes
INFO: Removing 1 recipes
INFO: Removing 1 recipes
INFO: Removing 1 recipes
INFO: Removing 1 recipes
INFO: Removing 1 recipes
INFO: Removing 1 recipes
INFO: Removing 1 recipes
INFO: Removing 1 recipes
INFO: Removing 1 recipes
INFO: Removing 1 recipes
INFO: Removing 1 recipes
INFO: Adding assembler recipe for <openmodularturrets:barrelTierOne>
INFO: Adding assembler recipe for <openmodularturrets:barrelTierTwo>
INFO: Adding assembler recipe for <openmodularturrets:barrelTierThree>
INFO: Adding assembler recipe for <openmodularturrets:barrelTierFour>
INFO: Adding assembler recipe for <openmodularturrets:barrelTierFive>
INFO: Adding assembler recipe for <openmodularturrets:chamberTierOne>
INFO: Adding assembler recipe for <openmodularturrets:chamberTierTwo>
INFO: Adding assembler recipe for <openmodularturrets:chamberTierThree>
INFO: Adding assembler recipe for <openmodularturrets:chamberTierFour>
INFO: Adding assembler recipe for <openmodularturrets:chamberTierFive>
INFO: Adding assembler recipe for <openmodularturrets:sensorTierOneItem>
INFO: Adding assembler recipe for <openmodularturrets:sensorTierTwoItem>
INFO: Adding assembler recipe for <openmodularturrets:sensorTierThreeItem>
INFO: Adding assembler recipe for <openmodularturrets:sensorTierFourItem>
INFO: Adding assembler recipe for <openmodularturrets:sensorTierFiveItem>
INFO: Adding assembler recipe for <openmodularturrets:ioBus>
INFO: Adding assembler recipe for <openmodularturrets:bulletCraftable>
INFO: Adding assembler recipe for <openmodularturrets:grenadeCraftable>
INFO: Adding assembler recipe for <openmodularturrets:rocketCraftable>
INFO: Adding assembler recipe for <openmodularturrets:ferroSlug>
INFO: Adding recipe for Деревянная основа для турели
INFO: Adding recipe for Свинцовая основа для турели
INFO: Adding recipe for Усиленная основа для турели
INFO: Adding recipe for Закалённая основа для турели
INFO: Adding recipe for Резонирующая основа для турели
INFO: Adding recipe for Potato Cannon Turret
INFO: Adding recipe for Одноразовая турель
INFO: Adding recipe for Incendiary Turret
INFO: Adding recipe for Пулемётная турель
INFO: Adding recipe for Турель-гранатомёт
INFO: Adding recipe for Relativistic Turret
INFO: Adding recipe for Турель с базукой
INFO: Adding recipe for Teleporter Turret
INFO: Adding recipe for Рельсовая турель
INFO: Adding recipe for Лазерная турель
INFO: Adding recipe for Ammo - Blazing Clay
INFO: Removing 6 recipes
INFO: Removing 6 recipes
INFO: Removing 6 recipes
INFO: Removing 6 recipes
INFO: Removing 6 recipes
INFO: Removing 6 recipes
INFO: Removing 6 recipes
INFO: Removing 0 recipes
INFO: Removing 6 recipes
INFO: Removing 6 recipes
INFO: Removing 6 recipes
INFO: Removing 6 recipes
INFO: Removing 0 recipes
INFO: Removing 6 recipes
INFO: Removing 0 recipes
INFO: Removing 0 recipes
INFO: Removing 0 recipes
INFO: Removing 6 recipes
INFO: Removing 6 recipes
INFO: Removing 0 recipes
INFO: Removing 6 recipes
INFO: Removing 6 recipes
INFO: Removing 6 recipes
INFO: Removing 6 recipes
INFO: Removing 0 recipes
INFO: Removing 6 recipes
INFO: Removing 0 recipes
INFO: Removing 6 recipes
INFO: Removing 0 recipes
INFO: Removing 6 recipes
INFO: Removing 0 recipes
INFO: Removing 6 recipes
INFO: Removing 0 recipes
INFO: Removing 6 recipes
INFO: Removing 0 recipes
INFO: Removing 0 recipes
INFO: Removing 6 recipes
INFO: Removing 0 recipes
INFO: Removing 0 recipes
INFO: Removing 0 recipes
INFO: Removing 0 recipes
INFO: Removing 0 recipes
INFO: Removing 0 recipes
INFO: Removing 0 recipes
INFO: Removing 6 recipes
INFO: Removing 6 recipes
INFO: Removing 6 recipes
INFO: Removing 6 recipes
INFO: Removing 6 recipes
INFO: Removing 0 recipes
INFO: Removing 0 recipes
INFO: Removing 0 recipes
INFO: Removing 0 recipes
INFO: Removing 6 recipes
INFO: Removing 6 recipes
INFO: Removing 6 recipes
INFO: Removing 6 recipes
INFO: Removing 6 recipes
INFO: Removing 6 recipes
INFO: Removing 6 recipes
INFO: Removing 0 recipes
INFO: Removing 0 recipes
INFO: Removing 12 recipes
INFO: Removing 12 recipes
INFO: Removing 0 recipes
INFO: Removing 0 recipes
INFO: Removing 6 recipes
INFO: Removing 0 recipes
INFO: Removing 6 recipes
INFO: Removing 0 recipes
INFO: Removing 12 recipes
INFO: Removing 6 recipes
INFO: Removing 6 recipes
INFO: Removing 6 recipes
INFO: Removing 6 recipes
INFO: Removing 6 recipes
INFO: Removing 6 recipes
INFO: Removing 6 recipes
INFO: Removing 0 recipes
INFO: Removing 0 recipes
INFO: Removing 0 recipes
INFO: Removing 0 recipes
INFO: Removing 0 recipes
INFO: Removing 0 recipes
INFO: Removing 6 recipes
INFO: Removing 6 recipes
INFO: Removing 6 recipes
INFO: Removing 6 recipes
INFO: Removing 6 recipes
INFO: Removing 6 recipes
INFO: Removing 0 recipes
INFO: Removing 6 recipes
INFO: Removing 0 recipes
INFO: Removing 0 recipes
INFO: Removing 0 recipes
INFO: Removing 6 recipes
INFO: Removing 0 recipes
INFO: Removing 0 recipes
INFO: Removing 0 recipes
INFO: Removing 0 recipes
INFO: Removing 6 recipes
INFO: Removing 0 recipes
INFO: Removing 0 recipes
INFO: Removing 6 recipes
INFO: Removing 6 recipes
INFO: Removing 6 recipes
INFO: Removing 0 recipes
INFO: Removing 0 recipes
INFO: Removing 0 recipes
INFO: Removing 0 recipes
INFO: Removing 0 recipes
INFO: Removing 0 recipes
INFO: Removing 0 recipes
INFO: Removing 0 recipes
INFO: Removing 6 recipes
INFO: Removing 6 recipes
INFO: Removing 6 recipes
INFO: Removing 6 recipes
INFO: Removing 6 recipes
INFO: Removing 6 recipes
INFO: Removing 6 recipes
INFO: Removing 0 recipes
INFO: Removing 0 recipes
INFO: Removing 0 recipes
INFO: Removing 6 recipes
INFO: Removing 6 recipes
INFO: Removing 6 recipes
INFO: Removing 6 recipes
INFO: Removing 6 recipes
INFO: Removing 6 recipes
INFO: Removing 0 recipes
INFO: Removing 6 recipes
INFO: Removing 6 recipes
INFO: Removing 0 recipes
INFO: Removing 0 recipes
INFO: Removing 0 recipes
INFO: Removing 0 recipes
INFO: Removing 0 recipes
INFO: Removing 0 recipes
INFO: Removing 0 recipes
INFO: Removing 0 recipes
INFO: Removing 0 recipes
INFO: Removing 0 recipes
INFO: Removing 0 recipes
INFO: Removing 0 recipes
INFO: Removing 0 recipes
INFO: Removing 0 recipes
INFO: Removing 0 recipes
INFO: Removing 0 recipes
INFO: Removing 0 recipes
INFO: Removing 0 recipes
INFO: Removing 0 recipes
INFO: Removing 0 recipes
INFO: Removing 0 recipes
INFO: Removing 0 recipes
INFO: Removing 0 recipes
INFO: Removing 0 recipes
INFO: Removing 0 recipes
INFO: Removing 0 recipes
INFO: Removing 0 recipes
INFO: Removing 0 recipes
INFO: Removing 0 recipes
INFO: Removing 0 recipes
INFO: Removing 0 recipes
INFO: Removing 0 recipes
INFO: Removing 0 recipes
INFO: Removing 0 recipes
INFO: Removing 0 recipes
INFO: Removing 0 recipes
INFO: Removing 0 recipes
INFO: Removing 0 recipes
INFO: Removing 0 recipes
INFO: Removing 0 recipes
INFO: Removing 0 recipes
INFO: Removing 0 recipes
INFO: Removing 0 recipes
INFO: Removing 0 recipes
INFO: Removing 0 recipes
INFO: Removing 0 recipes
INFO: Removing 0 recipes
INFO: Removing 0 recipes
INFO: Removing 0 recipes
INFO: Removing 0 recipes
INFO: Removing 0 recipes
INFO: Removing 0 recipes
INFO: Removing 0 recipes
INFO: Removing 0 recipes
INFO: Removing 0 recipes
INFO: Removing 0 recipes
INFO: Removing 0 recipes
INFO: Removing 0 recipes
INFO: Removing 0 recipes
INFO: Removing 0 recipes
INFO: Removing 0 recipes
INFO: Removing 0 recipes
INFO: Removing 0 recipes
INFO: Removing 0 recipes
INFO: Removing 0 recipes
INFO: Removing 0 recipes
INFO: Removing 0 recipes
INFO: Removing 0 recipes
INFO: Removing 0 recipes
INFO: Removing 0 recipes
INFO: Removing 0 recipes
INFO: Removing 0 recipes
INFO: Removing 0 recipes
INFO: Removing 0 recipes
INFO: Removing 0 recipes
INFO: Removing 0 recipes
INFO: Removing 0 recipes
INFO: Removing 2 recipes
INFO: Removing 0 recipes
INFO: Removing 0 recipes
INFO: Removing 0 recipes
INFO: Removing 0 recipes
INFO: Removing 0 recipes
INFO: Removing 0 recipes
INFO: Removing 0 recipes
INFO: Removing 0 recipes
INFO: Removing 0 recipes
INFO: Removing 0 recipes
INFO: Removing 0 recipes
INFO: Removing 2 recipes
INFO: Removing 0 recipes
INFO: Removing 0 recipes
INFO: Removing 0 recipes
INFO: Removing 18 recipes
INFO: Removing 18 recipes
INFO: Removing 18 recipes
INFO: Removing 24 recipes
INFO: Removing 30 recipes
INFO: Removing 55 recipes
INFO: Removing 18 recipes
INFO: Removing 18 recipes
INFO: Removing 30 recipes
INFO: Removing 30 recipes
INFO: Removing 18 recipes
INFO: Removing 18 recipes
INFO: Removing 24 recipes
INFO: Removing 24 recipes
INFO: Removing 18 recipes
INFO: Removing 18 recipes
INFO: Removing 18 recipes
INFO: Removing 18 recipes
INFO: Removing 18 recipes
INFO: Removing 18 recipes
INFO: Removing 18 recipes
INFO: Removing 2 recipes
INFO: Removing 3 recipes
INFO: Removing 3 recipes
INFO: Removing 3 recipes
INFO: Removing 3 recipes
INFO: Removing 4 recipes
INFO: Removing 3 recipes
INFO: Removing 3 recipes
INFO: Removing 3 recipes
INFO: Removing 2 recipes
INFO: Removing 3 recipes
INFO: Removing 3 recipes
INFO: Removing 3 recipes
INFO: Removing 2 recipes
INFO: Removing 2 recipes
INFO: Removing 3 recipes
INFO: Removing 2 recipes
INFO: Removing 2 recipes
INFO: Removing 2 recipes
INFO: Removing 3 recipes
INFO: Removing 3 recipes
INFO: Removing 0 recipes
INFO: Removing 0 recipes
INFO: Removing 0 recipes
INFO: Removing 0 recipes
INFO: Removing 0 recipes
INFO: Removing 0 recipes
INFO: Removing 0 recipes
INFO: Removing 0 recipes
INFO: Removing 0 recipes
INFO: Removing 0 recipes
INFO: Removing 0 recipes
INFO: Removing 0 recipes
INFO: Removing 0 recipes
INFO: Removing 0 recipes
INFO: Removing 0 recipes
INFO: Removing 0 recipes
INFO: Removing 0 recipes
INFO: Removing 0 recipes
INFO: Removing 0 recipes
INFO: Removing 0 recipes
INFO: Removing 0 recipes
INFO: Adding Руда to ore dictionary entry oreCopper
INFO: Adding Руда to ore dictionary entry oreGold
INFO: Adding Руда to ore dictionary entry orePlatinum
INFO: Adding Руда to ore dictionary entry oreHematite
INFO: Adding Руда to ore dictionary entry oreSilver
INFO: Adding Руда to ore dictionary entry oreCassiterite
INFO: Adding Руда to ore dictionary entry oreGalena
INFO: Adding Руда to ore dictionary entry oreBismuthinite
INFO: Adding Руда to ore dictionary entry oreGarnierite
INFO: Adding Руда to ore dictionary entry oreMalachite
INFO: Adding Руда to ore dictionary entry oreMagnetite
INFO: Adding Руда to ore dictionary entry oreLimonite
INFO: Adding Руда to ore dictionary entry oreSphalerite
INFO: Adding Руда to ore dictionary entry oreTetrahedrite
INFO: Adding Руда to ore dictionary entry oreBituminousCoal
INFO: Adding Руда to ore dictionary entry oreLignite
INFO: Adding Руда to ore dictionary entry oreKaolinite
INFO: Adding Руда to ore dictionary entry oreGypsum
INFO: Adding Руда to ore dictionary entry oreSatinspar
INFO: Adding Руда to ore dictionary entry oreSelenite
INFO: Adding Руда to ore dictionary entry oreGraphite
INFO: Adding Руда to ore dictionary entry oreKimberlite
INFO: Adding Руда to ore dictionary entry orePetrifiedWood
INFO: Adding Руда to ore dictionary entry oreSulfur
INFO: Adding Руда to ore dictionary entry oreJet
INFO: Adding Руда to ore dictionary entry oreMicrocline
INFO: Adding Руда to ore dictionary entry orePitchblende
INFO: Adding Руда to ore dictionary entry oreRedstone
INFO: Adding Руда to ore dictionary entry oreCryolite
INFO: Adding Руда to ore dictionary entry oreSaltpeter
INFO: Adding Руда to ore dictionary entry oreSerpentine
INFO: Adding Руда to ore dictionary entry oreSylvite
INFO: Adding Руда to ore dictionary entry oreBorax
INFO: Adding Руда to ore dictionary entry oreOlivine
INFO: Adding Руда to ore dictionary entry oreLapis
INFO: Adding furnace recipe for <terrafirmastuff:clayRaw>
INFO: Adding macerator recipe for Small Pile of Clay Dust
INFO: Adding compressor recipe for Лёд
INFO: Adding item.Plank Planed.name to ore dictionary entry PlankPlaned
INFO: Removing 1 recipes
INFO: Adding recipe for Planed Oak Plank
INFO: Adding lathe recipe for <tfcadditions:item.Plank Planed>
INFO: Removing 1 recipes
INFO: Adding recipe for Planed Aspen Plank
INFO: Adding lathe recipe for <tfcadditions:item.Plank Planed:1>
INFO: Removing 1 recipes
INFO: Adding recipe for Planed Birch Plank
INFO: Adding lathe recipe for <tfcadditions:item.Plank Planed:2>
INFO: Removing 1 recipes
INFO: Adding recipe for Planed Chestnut Plank
INFO: Adding lathe recipe for <tfcadditions:item.Plank Planed:3>
INFO: Removing 1 recipes
INFO: Adding recipe for Planed Douglas Fir Plank
INFO: Adding lathe recipe for <tfcadditions:item.Plank Planed:4>
INFO: Removing 1 recipes
INFO: Adding recipe for Planed Hickory Plank
INFO: Adding lathe recipe for <tfcadditions:item.Plank Planed:5>
INFO: Removing 1 recipes
INFO: Adding recipe for Planed Maple Plank
INFO: Adding lathe recipe for <tfcadditions:item.Plank Planed:6>
INFO: Removing 1 recipes
INFO: Adding recipe for Planed Ash Plank
INFO: Adding lathe recipe for <tfcadditions:item.Plank Planed:7>
INFO: Removing 1 recipes
INFO: Adding recipe for Planed Pine Plank
INFO: Adding lathe recipe for <tfcadditions:item.Plank Planed:8>
INFO: Removing 1 recipes
INFO: Adding recipe for Planed Sequoia Plank
INFO: Adding lathe recipe for <tfcadditions:item.Plank Planed:9>
INFO: Removing 1 recipes
INFO: Adding recipe for Planed Spruce Plank
INFO: Adding lathe recipe for <tfcadditions:item.Plank Planed:10>
INFO: Removing 1 recipes
INFO: Adding recipe for Planed Sycamore Plank
INFO: Adding lathe recipe for <tfcadditions:item.Plank Planed:11>
INFO: Removing 1 recipes
INFO: Adding recipe for Planed White Cedar Plank
INFO: Adding lathe recipe for <tfcadditions:item.Plank Planed:12>
INFO: Removing 1 recipes
INFO: Adding recipe for Planed White Elm Plank
INFO: Adding lathe recipe for <tfcadditions:item.Plank Planed:13>
INFO: Removing 1 recipes
INFO: Adding recipe for Planed Willow Plank
INFO: Adding lathe recipe for <tfcadditions:item.Plank Planed:14>
INFO: Removing 1 recipes
INFO: Adding recipe for Planed Kapok Plank
INFO: Adding lathe recipe for <tfcadditions:item.Plank Planed:15>
INFO: Removing 1 recipes
INFO: Adding recipe for Planed Acacia Plank
INFO: Adding lathe recipe for <tfcadditions:item.Plank Planed:16>
INFO: Adding furnace recipe for <DecorationsTFC:MudBrickRaw.Granite>
INFO: Adding furnace recipe for <DecorationsTFC:MudBrickRaw.Diorite>
INFO: Adding furnace recipe for <DecorationsTFC:MudBrickRaw.Gabbro>
INFO: Adding furnace recipe for <DecorationsTFC:MudBrickRaw.Shale>
INFO: Adding furnace recipe for <DecorationsTFC:MudBrickRaw.Claystone>
INFO: Adding furnace recipe for <DecorationsTFC:MudBrickRaw.RockSalt>
INFO: Adding furnace recipe for <DecorationsTFC:MudBrickRaw.Limestone>
INFO: Adding furnace recipe for <DecorationsTFC:MudBrickRaw.Conglomerate>
INFO: Adding furnace recipe for <DecorationsTFC:MudBrickRaw.Dolomite>
INFO: Adding furnace recipe for <DecorationsTFC:MudBrickRaw.Chert>
INFO: Adding furnace recipe for <DecorationsTFC:MudBrickRaw.Chalk>
INFO: Adding furnace recipe for <DecorationsTFC:MudBrickRaw.Rhyolite>
INFO: Adding furnace recipe for <DecorationsTFC:MudBrickRaw.Basalt>
INFO: Adding furnace recipe for <DecorationsTFC:MudBrickRaw.Andesite>
INFO: Adding furnace recipe for <DecorationsTFC:MudBrickRaw.Dacite>
INFO: Adding furnace recipe for <DecorationsTFC:MudBrickRaw.Quartzite>
INFO: Adding furnace recipe for <DecorationsTFC:MudBrickRaw.Slate>
INFO: Adding furnace recipe for <DecorationsTFC:MudBrickRaw.Phyllite>
INFO: Adding furnace recipe for <DecorationsTFC:MudBrickRaw.Schist>
INFO: Adding furnace recipe for <DecorationsTFC:MudBrickRaw.Gneiss>
INFO: Adding furnace recipe for <DecorationsTFC:MudBrickRaw.Marble>
INFO: Removing 1 recipes
INFO: Removing 1 recipes
INFO: Removing item 'Бокситовая пыль' from Heated Items.'
INFO: Removing item 'Боксит' from Heated Items.'
INFO: Removing item 'Богатый боксит' from Heated Items.'
INFO: Removing item 'Бедный боксит' from Heated Items.'
INFO: Removing item 'Кусок боксита' from Heated Items.'
INFO: Adding Бревно гевеи to ore dictionary entry logRubber
INFO: Adding Бревно гевеи to ore dictionary entry woodRubber
INFO: Adding recipe for Индукционная плавильня
INFO: Adding forge hammer recipe for <gregtech:gt.metaitem.01:516>
INFO: Adding Mixer recipe for null
INFO: Adding Mixer recipe for null
INFO: Adding plate bender recipe for <tfctech:item.Groove>
INFO: Adding alloy smelter recipe for <gregtech:gt.metaitem.01:11880>
INFO: Adding Chemical Reactor recipe for null
INFO: Removing 2 recipes
INFO: Removing 1 recipes
INFO: Adding recipe for Палка
INFO: Adding minetweaker command tooltips
INFO: Adding minetweaker command entities
INFO: Adding minetweaker command appeng
INFO: Adding minetweaker command railcraft
