[17:12:26] [main/INFO]: LiteLoader 1.7.10_04 starting up...
[17:12:26] [main/INFO]: Java reports OS="windows 10"
[17:12:26] [main/INFO]: Enumerating class path...
[17:12:26] [main/INFO]: Class path separator=";"
[17:12:26] [main/INFO]: Class path entries=(
   classpathEntry=D:\minecraft\M1.7.10\libraries\optifine\OptiFine\1.7.10_HD_U_E7\OptiFine-1.7.10_HD_U_E7.jar
   classpathEntry=D:\minecraft\M1.7.10\libraries\optifine\OptiFine\1.7.10_HD_U_E7\OptiFine-1.7.10_HD_U_E7.jar
   classpathEntry=D:\minecraft\M1.7.10\libraries\com\mumfrey\liteloader\1.7.10\liteloader-1.7.10.jar
   classpathEntry=D:\minecraft\M1.7.10\libraries\net\minecraft\launchwrapper\1.11\launchwrapper-1.11.jar
   classpathEntry=D:\minecraft\M1.7.10\libraries\org\ow2\asm\asm-all\5.0.3\asm-all-5.0.3.jar
   classpathEntry=D:\minecraft\M1.7.10\libraries\com\google\guava\guava\16.0\guava-16.0.jar
   classpathEntry=D:\minecraft\M1.7.10\libraries\com\mumfrey\liteloader\1.7.10\liteloader-1.7.10.jar
   classpathEntry=D:\minecraft\M1.7.10\libraries\net\minecraft\launchwrapper\1.11\launchwrapper-1.11.jar
   classpathEntry=D:\minecraft\M1.7.10\libraries\org\ow2\asm\asm-all\5.0.3\asm-all-5.0.3.jar
   classpathEntry=D:\minecraft\M1.7.10\libraries\com\google\guava\guava\16.0\guava-16.0.jar
   classpathEntry=D:\minecraft\M1.7.10\libraries\net\minecraftforge\forge\1.7.10-10.13.4.1614-1.7.10\forge-1.7.10-10.13.4.1614-1.7.10.jar
   classpathEntry=D:\minecraft\M1.7.10\libraries\net\minecraft\launchwrapper\1.12\launchwrapper-1.12.jar
   classpathEntry=D:\minecraft\M1.7.10\libraries\org\ow2\asm\asm-all\5.0.3\asm-all-5.0.3.jar
   classpathEntry=D:\minecraft\M1.7.10\libraries\com\typesafe\akka\akka-actor_2.11\2.3.3\akka-actor_2.11-2.3.3.jar
   classpathEntry=D:\minecraft\M1.7.10\libraries\com\typesafe\config\1.2.1\config-1.2.1.jar
   classpathEntry=D:\minecraft\M1.7.10\libraries\org\scala-lang\scala-actors-migration_2.11\1.1.0\scala-actors-migration_2.11-1.1.0.jar
   classpathEntry=D:\minecraft\M1.7.10\libraries\org\scala-lang\scala-compiler\2.11.1\scala-compiler-2.11.1.jar
   classpathEntry=D:\minecraft\M1.7.10\libraries\org\scala-lang\plugins\scala-continuations-library_2.11\1.0.2\scala-continuations-library_2.11-1.0.2.jar
   classpathEntry=D:\minecraft\M1.7.10\libraries\org\scala-lang\plugins\scala-continuations-plugin_2.11.1\1.0.2\scala-continuations-plugin_2.11.1-1.0.2.jar
   classpathEntry=D:\minecraft\M1.7.10\libraries\org\scala-lang\scala-library\2.11.1\scala-library-2.11.1.jar
   classpathEntry=D:\minecraft\M1.7.10\libraries\org\scala-lang\scala-parser-combinators_2.11\1.0.1\scala-parser-combinators_2.11-1.0.1.jar
   classpathEntry=D:\minecraft\M1.7.10\libraries\org\scala-lang\scala-reflect\2.11.1\scala-reflect-2.11.1.jar
   classpathEntry=D:\minecraft\M1.7.10\libraries\org\scala-lang\scala-swing_2.11\1.0.1\scala-swing_2.11-1.0.1.jar
   classpathEntry=D:\minecraft\M1.7.10\libraries\org\scala-lang\scala-xml_2.11\1.0.2\scala-xml_2.11-1.0.2.jar
   classpathEntry=D:\minecraft\M1.7.10\libraries\lzma\lzma\0.0.1\lzma-0.0.1.jar
   classpathEntry=D:\minecraft\M1.7.10\libraries\net\sf\jopt-simple\jopt-simple\4.5\jopt-simple-4.5.jar
   classpathEntry=D:\minecraft\M1.7.10\libraries\com\google\guava\guava\17.0\guava-17.0.jar
   classpathEntry=D:\minecraft\M1.7.10\libraries\org\apache\commons\commons-lang3\3.3.2\commons-lang3-3.3.2.jar
   classpathEntry=D:\minecraft\M1.7.10\libraries\net\minecraftforge\forge\1.7.10-10.13.4.1614-1.7.10\forge-1.7.10-10.13.4.1614-1.7.10.jar
   classpathEntry=D:\minecraft\M1.7.10\libraries\net\minecraft\launchwrapper\1.12\launchwrapper-1.12.jar
   classpathEntry=D:\minecraft\M1.7.10\libraries\org\ow2\asm\asm-all\5.0.3\asm-all-5.0.3.jar
   classpathEntry=D:\minecraft\M1.7.10\libraries\com\typesafe\akka\akka-actor_2.11\2.3.3\akka-actor_2.11-2.3.3.jar
   classpathEntry=D:\minecraft\M1.7.10\libraries\com\typesafe\config\1.2.1\config-1.2.1.jar
   classpathEntry=D:\minecraft\M1.7.10\libraries\org\scala-lang\scala-actors-migration_2.11\1.1.0\scala-actors-migration_2.11-1.1.0.jar
   classpathEntry=D:\minecraft\M1.7.10\libraries\org\scala-lang\scala-compiler\2.11.1\scala-compiler-2.11.1.jar
   classpathEntry=D:\minecraft\M1.7.10\libraries\org\scala-lang\plugins\scala-continuations-library_2.11\1.0.2\scala-continuations-library_2.11-1.0.2.jar
   classpathEntry=D:\minecraft\M1.7.10\libraries\org\scala-lang\plugins\scala-continuations-plugin_2.11.1\1.0.2\scala-continuations-plugin_2.11.1-1.0.2.jar
   classpathEntry=D:\minecraft\M1.7.10\libraries\org\scala-lang\scala-library\2.11.1\scala-library-2.11.1.jar
   classpathEntry=D:\minecraft\M1.7.10\libraries\org\scala-lang\scala-parser-combinators_2.11\1.0.1\scala-parser-combinators_2.11-1.0.1.jar
   classpathEntry=D:\minecraft\M1.7.10\libraries\org\scala-lang\scala-reflect\2.11.1\scala-reflect-2.11.1.jar
   classpathEntry=D:\minecraft\M1.7.10\libraries\org\scala-lang\scala-swing_2.11\1.0.1\scala-swing_2.11-1.0.1.jar
   classpathEntry=D:\minecraft\M1.7.10\libraries\org\scala-lang\scala-xml_2.11\1.0.2\scala-xml_2.11-1.0.2.jar
   classpathEntry=D:\minecraft\M1.7.10\libraries\lzma\lzma\0.0.1\lzma-0.0.1.jar
   classpathEntry=D:\minecraft\M1.7.10\libraries\net\sf\jopt-simple\jopt-simple\4.5\jopt-simple-4.5.jar
   classpathEntry=D:\minecraft\M1.7.10\libraries\com\google\guava\guava\17.0\guava-17.0.jar
   classpathEntry=D:\minecraft\M1.7.10\libraries\org\apache\commons\commons-lang3\3.3.2\commons-lang3-3.3.2.jar
   classpathEntry=D:\minecraft\M1.7.10\libraries\com\mojang\netty\1.6\netty-1.6.jar
   classpathEntry=D:\minecraft\M1.7.10\libraries\com\mojang\realms\1.3.5\realms-1.3.5.jar
   classpathEntry=D:\minecraft\M1.7.10\libraries\org\apache\commons\commons-compress\1.8.1\commons-compress-1.8.1.jar
   classpathEntry=D:\minecraft\M1.7.10\libraries\org\apache\httpcomponents\httpclient\4.3.3\httpclient-4.3.3.jar
   classpathEntry=D:\minecraft\M1.7.10\libraries\commons-logging\commons-logging\1.1.3\commons-logging-1.1.3.jar
   classpathEntry=D:\minecraft\M1.7.10\libraries\org\apache\httpcomponents\httpcore\4.3.2\httpcore-4.3.2.jar
   classpathEntry=D:\minecraft\M1.7.10\libraries\java3d\vecmath\1.3.1\vecmath-1.3.1.jar
   classpathEntry=D:\minecraft\M1.7.10\libraries\net\sf\trove4j\trove4j\3.0.3\trove4j-3.0.3.jar
   classpathEntry=D:\minecraft\M1.7.10\libraries\com\ibm\icu\icu4j-core-mojang\51.2\icu4j-core-mojang-51.2.jar
   classpathEntry=D:\minecraft\M1.7.10\libraries\net\sf\jopt-simple\jopt-simple\4.5\jopt-simple-4.5.jar
   classpathEntry=D:\minecraft\M1.7.10\libraries\com\paulscode\codecjorbis\20101023\codecjorbis-20101023.jar
   classpathEntry=D:\minecraft\M1.7.10\libraries\com\paulscode\codecwav\20101023\codecwav-20101023.jar
   classpathEntry=D:\minecraft\M1.7.10\libraries\com\paulscode\libraryjavasound\20101123\libraryjavasound-20101123.jar
   classpathEntry=D:\minecraft\M1.7.10\libraries\com\paulscode\librarylwjglopenal\20100824\librarylwjglopenal-20100824.jar
   classpathEntry=D:\minecraft\M1.7.10\libraries\com\paulscode\soundsystem\20120107\soundsystem-20120107.jar
   classpathEntry=D:\minecraft\M1.7.10\libraries\io\netty\netty-all\4.0.10.Final\netty-all-4.0.10.Final.jar
   classpathEntry=D:\minecraft\M1.7.10\libraries\com\google\guava\guava\15.0\guava-15.0.jar
   classpathEntry=D:\minecraft\M1.7.10\libraries\org\apache\commons\commons-lang3\3.1\commons-lang3-3.1.jar
   classpathEntry=D:\minecraft\M1.7.10\libraries\commons-io\commons-io\2.4\commons-io-2.4.jar
   classpathEntry=D:\minecraft\M1.7.10\libraries\commons-codec\commons-codec\1.9\commons-codec-1.9.jar
   classpathEntry=D:\minecraft\M1.7.10\libraries\net\java\jinput\jinput\2.0.5\jinput-2.0.5.jar
   classpathEntry=D:\minecraft\M1.7.10\libraries\net\java\jutils\jutils\1.0.0\jutils-1.0.0.jar
   classpathEntry=D:\minecraft\M1.7.10\libraries\com\google\code\gson\gson\2.2.4\gson-2.2.4.jar
   classpathEntry=D:\minecraft\M1.7.10\libraries\com\mojang\authlib\1.5.21\authlib-1.5.21.jar
   classpathEntry=D:\minecraft\M1.7.10\libraries\org\apache\logging\log4j\log4j-api\2.0-beta9\log4j-api-2.0-beta9.jar
   classpathEntry=D:\minecraft\M1.7.10\libraries\org\apache\logging\log4j\log4j-core\2.0-beta9\log4j-core-2.0-beta9.jar
   classpathEntry=D:\minecraft\M1.7.10\libraries\org\lwjgl\lwjgl\lwjgl\2.9.1\lwjgl-2.9.1.jar
   classpathEntry=D:\minecraft\M1.7.10\libraries\org\lwjgl\lwjgl\lwjgl_util\2.9.1\lwjgl_util-2.9.1.jar
   classpathEntry=D:\minecraft\M1.7.10\libraries\tv\twitch\twitch\5.16\twitch-5.16.jar
   classpathEntry=D:\minecraft\M1.7.10\versions\OptiForgeLiteLoader 1.7.10\OptiForgeLiteLoader 1.7.10.jar
)
[17:12:26] [main/INFO]: Registering discovery module EnumeratorModuleClassPath: [<Java Class Path>]
[17:12:26] [main/INFO]: Registering discovery module EnumeratorModuleFolder: [D:\minecraft\M1.7.10\mods]
[17:12:26] [main/INFO]: Registering discovery module EnumeratorModuleFolder: [D:\minecraft\M1.7.10\mods\1.7.10]
[17:12:26] [main/INFO]: Adding supported mod class prefix 'LiteMod'
[17:12:26] [main/INFO]: Discovering tweaks on class path...
[17:12:26] [main/INFO]: Discovering valid mod files in folder D:\minecraft\M1.7.10\mods
[17:12:27] [main/INFO]: Discovering valid mod files in folder D:\minecraft\M1.7.10\mods\1.7.10
[17:12:27] [main/INFO]: Searching for tweaks in 'BiblioWoods[TerraFirmaCraftV0.79.23][v1.2].jar'
[17:12:27] [main/WARN]: Error parsing manifest entries in 'D:\minecraft\M1.7.10\mods\1.7.10\BiblioWoods[TerraFirmaCraftV0.79.23][v1.2].jar'
[17:12:27] [main/INFO]: Searching for tweaks in 'ChickenChunks-1.7.10-1.3.4.19-universal.jar'
[17:12:27] [main/WARN]: Error parsing manifest entries in 'D:\minecraft\M1.7.10\mods\1.7.10\ChickenChunks-1.7.10-1.3.4.19-universal.jar'
[17:12:27] [main/INFO]: Searching for tweaks in 'CodeChickenCore-1.7.10-1.0.7.47-universal.jar'
[17:12:27] [main/WARN]: Error parsing manifest entries in 'D:\minecraft\M1.7.10\mods\1.7.10\CodeChickenCore-1.7.10-1.0.7.47-universal.jar'
[17:12:27] [main/INFO]: Searching for tweaks in 'CodeChickenLib-1.7.10-1.1.3.140-universal.jar'
[17:12:27] [main/WARN]: Error parsing manifest entries in 'D:\minecraft\M1.7.10\mods\1.7.10\CodeChickenLib-1.7.10-1.1.3.140-universal.jar'
[17:12:27] [main/INFO]: Searching for tweaks in 'Farseek-1.7.10-2.0.1.jar'
[17:12:27] [main/WARN]: Error parsing manifest entries in 'D:\minecraft\M1.7.10\mods\1.7.10\Farseek-1.7.10-2.0.1.jar'
[17:12:27] [main/INFO]: Searching for tweaks in 'fastcraft-1.25.jar'
[17:12:27] [main/INFO]: Searching for tweaks in 'Streams-1.7.10-0.3.4.jar'
[17:12:27] [main/WARN]: Error parsing manifest entries in 'D:\minecraft\M1.7.10\mods\1.7.10\Streams-1.7.10-0.3.4.jar'
[17:12:27] [main/INFO]: Searching for tweaks in 'tfcrailcraft-0.2.0.jar'
[17:12:27] [main/WARN]: Error parsing manifest entries in 'D:\minecraft\M1.7.10\mods\1.7.10\tfcrailcraft-0.2.0.jar'
[17:12:27] [main/INFO]: Searching for tweaks in 'TFCTweaker-1.7.10-1.1.4.0.jar'
[17:12:27] [main/WARN]: Error parsing manifest entries in 'D:\minecraft\M1.7.10\mods\1.7.10\TFCTweaker-1.7.10-1.1.4.0.jar'
[17:12:27] [main/INFO]: Searching for tweaks in '[1.7.10]Decorations-1.0.20.jar'
[17:12:27] [main/WARN]: Error parsing manifest entries in 'D:\minecraft\M1.7.10\mods\1.7.10\[1.7.10]Decorations-1.0.20.jar'
[17:12:27] [main/INFO]: Searching for tweaks in '[1.7.10]LeatherWaterSac-3.9.B79.jar'
[17:12:27] [main/WARN]: Error parsing manifest entries in 'D:\minecraft\M1.7.10\mods\1.7.10\[1.7.10]LeatherWaterSac-3.9.B79.jar'
[17:12:27] [main/INFO]: Searching for tweaks in '[1.7.10]TerraFirmaCraft-0.79.29.922.jar'
[17:12:27] [main/WARN]: Error parsing manifest entries in 'D:\minecraft\M1.7.10\mods\1.7.10\[1.7.10]TerraFirmaCraft-0.79.29.922.jar'
[17:12:27] [main/INFO]: Searching for tweaks in '[1.7.10]terrafirmastuff-0.2.3.jar'
[17:12:27] [main/WARN]: Error parsing manifest entries in 'D:\minecraft\M1.7.10\mods\1.7.10\[1.7.10]terrafirmastuff-0.2.3.jar'
[17:12:27] [main/INFO]: Searching for tweaks in '[1.7.10]TerraMisc-0.13.0.jar'
[17:12:27] [main/WARN]: Error parsing manifest entries in 'D:\minecraft\M1.7.10\mods\1.7.10\[1.7.10]TerraMisc-0.13.0.jar'
[17:12:27] [main/INFO]: Searching for tweaks in '[1.7.10]TFCAutomatedBellowsAddon-1.1a.jar'
[17:12:27] [main/WARN]: Error parsing manifest entries in 'D:\minecraft\M1.7.10\mods\1.7.10\[1.7.10]TFCAutomatedBellowsAddon-1.1a.jar'
[17:12:27] [main/INFO]: Searching for tweaks in '[1.7.10]TFCCellarsAddon-1.1.jar'
[17:12:27] [main/WARN]: Error parsing manifest entries in 'D:\minecraft\M1.7.10\mods\1.7.10\[1.7.10]TFCCellarsAddon-1.1.jar'
[17:12:27] [main/INFO]: Searching for tweaks in '[1.7.10]TFCTech-0.2.10-A15.jar'
[17:12:27] [main/WARN]: Error parsing manifest entries in 'D:\minecraft\M1.7.10\mods\1.7.10\[1.7.10]TFCTech-0.2.10-A15.jar'
[17:12:27] [main/INFO]: Searching for tweaks in '[1.7.10]TFCUdaryMod-0.2.33.jar'
[17:12:27] [main/WARN]: Error parsing manifest entries in 'D:\minecraft\M1.7.10\mods\1.7.10\[1.7.10]TFCUdaryMod-0.2.33.jar'
[17:12:27] [main/INFO]: Searching for tweaks in '[1.7.10][0.79.23+]TFC-Additions-1.0.3.jar'
[17:12:27] [main/WARN]: Error parsing manifest entries in 'D:\minecraft\M1.7.10\mods\1.7.10\[1.7.10][0.79.23+]TFC-Additions-1.0.3.jar'
[17:12:27] [main/INFO]: Mod file 'fastcraft-1.25.jar' provides tweakClass 'fastcraft.Tweaker', adding to Launch queue with priority 2147483647
[17:12:27] [main/INFO]: tweakClass 'fastcraft.Tweaker' was successfully added
[17:12:27] [main/INFO]: LiteLoader PREINIT complete
[17:12:33] [main/INFO]: Injecting onstartupcomplete[x1] in func_71384_a in Minecraft
[17:12:33] [main/INFO]: Injecting prerenderfbo[x1] in func_71411_J in Minecraft
[17:12:33] [main/INFO]: Injecting postrenderfbo[x1] in func_71411_J in Minecraft
[17:12:33] [main/INFO]: Injecting ontimerupdate[x1] in func_71411_J in Minecraft
[17:12:33] [main/INFO]: Injecting onrender[x1] in func_71411_J in Minecraft
[17:12:33] [main/INFO]: Injecting ontick[x1] in func_71411_J in Minecraft
[17:12:33] [main/INFO]: Injecting updateframebuffersize[x1] in func_147119_ah in Minecraft
[17:12:33] [main/INFO]: Injecting newtick[x1] in func_71407_l in Minecraft
[17:12:33] [main/INFO]: Applying overlay com.mumfrey.liteloader.client.overlays.MinecraftOverlay to net.minecraft.client.Minecraft
[17:12:33] [main/INFO]: MinecraftOverlayTransformer found INIT injection point, this is good.
[17:12:33] [main/INFO]: Injecting onrenderchat[x1] in func_73830_a in GuiIngame
[17:12:33] [main/INFO]: Injecting postrenderchat[x1] in func_73830_a in GuiIngame
[17:12:33] [main/INFO]: Injecting onoutboundchat[x1] in func_71165_d in EntityClientPlayerMP
[17:12:34] [main/INFO]: Injecting onc16packetclientstatus[x1] in func_148833_a in C16PacketClientStatus
[17:12:34] [main/INFO]: Injecting onc00handshake[x1] in func_148833_a in C00Handshake
[17:12:34] [main/INFO]: Injecting onc00packetloginstart[x1] in func_148833_a in C00PacketLoginStart
[17:12:34] [main/INFO]: Injecting ons03packettimeupdate[x1] in func_148833_a in S03PacketTimeUpdate
[17:12:37] [main/INFO]: Injecting ons34packetmaps[x1] in func_148833_a in S34PacketMaps
[17:12:37] [Client thread/INFO]: Injecting onc15packetclientsettings[x1] in func_148833_a in C15PacketClientSettings
[17:12:38] [Client thread/INFO]: Injecting ons23packetblockchange[x1] in func_148833_a in S23PacketBlockChange
[17:12:38] [Client thread/INFO]: Injecting oncreateintegratedserver[x1] in <init> in IntegratedServer
[17:12:38] [Client thread/INFO]: Injecting prerendergui[x1] in func_78480_b in EntityRenderer
[17:12:38] [Client thread/INFO]: Injecting onrenderhud[x1] in func_78480_b in EntityRenderer
[17:12:38] [Client thread/INFO]: Injecting postrenderhud[x1] in func_78480_b in EntityRenderer
[17:12:38] [Client thread/INFO]: Injecting onrenderworld[x1] in func_78471_a in EntityRenderer
[17:12:38] [Client thread/INFO]: Injecting onsetupcameratransform[x1] in func_78471_a in EntityRenderer
[17:12:38] [Client thread/INFO]: Injecting postrenderentities[x1] in func_78471_a in EntityRenderer
[17:12:38] [Client thread/INFO]: Injecting postrender[x1] in func_78471_a in EntityRenderer
[17:12:38] [Client thread/INFO]: Injecting postrender[x1] in func_78471_a in EntityRenderer
[17:12:39] [Client thread/INFO]: Injecting ons35packetupdatetileentity[x1] in func_148833_a in S35PacketUpdateTileEntity
[17:12:42] [Client thread/INFO]: Injecting renderfbo[x1] in func_147615_c in Framebuffer
[17:13:03] [Client thread/INFO]: Injecting onplayerlogin[x1] in func_72377_c in ServerConfigurationManager
[17:13:03] [Client thread/INFO]: Injecting onplayerlogout[x1] in func_72367_e in ServerConfigurationManager
[17:13:03] [Client thread/INFO]: Injecting onspawnplayer[x1] in func_148545_a in ServerConfigurationManager
[17:13:03] [Client thread/INFO]: Injecting onrespawnplayer[x1] in func_72368_a in ServerConfigurationManager
[17:13:03] [Client thread/INFO]: Injecting ons2bpacketchangegamestate[x1] in func_148833_a in S2BPacketChangeGameState
[17:13:03] [Client thread/INFO]: Injecting ons2cpacketspawnglobalentity[x1] in func_148833_a in S2CPacketSpawnGlobalEntity
[17:13:03] [Client thread/INFO]: Injecting ons27packetexplosion[x1] in func_148833_a in S27PacketExplosion
[17:13:03] [Client thread/INFO]: Injecting ons19packetentitystatus[x1] in func_148833_a in S19PacketEntityStatus
[17:13:03] [Client thread/INFO]: Injecting ons24packetblockaction[x1] in func_148833_a in S24PacketBlockAction
[17:13:03] [Client thread/INFO]: Injecting ons2apacketparticles[x1] in func_148833_a in S2APacketParticles
[17:13:07] [Client thread/INFO]: Injecting ons0bpacketanimation[x1] in func_148833_a in S0BPacketAnimation
[17:13:07] [Client thread/INFO]: Injecting ons04packetentityequipment[x1] in func_148833_a in S04PacketEntityEquipment
[17:13:07] [Client thread/INFO]: Injecting ons0dpacketcollectitem[x1] in func_148833_a in S0DPacketCollectItem
[17:13:07] [Client thread/INFO]: Injecting ons1bpacketentityattach[x1] in func_148833_a in S1BPacketEntityAttach
[17:13:15] [Client thread/INFO]: Injecting ons2dpacketopenwindow[x1] in func_148833_a in S2DPacketOpenWindow
[17:13:19] [Client thread/INFO]: Injecting onc02packetuseentity[x1] in func_148833_a in C02PacketUseEntity
[17:13:19] [Client thread/INFO]: Injecting onc07packetplayerdigging[x1] in func_148833_a in C07PacketPlayerDigging
[17:13:19] [Client thread/INFO]: Injecting onc08packetplayerblockplacement[x1] in func_148833_a in C08PacketPlayerBlockPlacement
[17:13:19] [Client thread/INFO]: Injecting onc09packethelditemchange[x1] in func_148833_a in C09PacketHeldItemChange
[17:13:19] [Client thread/INFO]: Injecting onc11packetenchantitem[x1] in func_148833_a in C11PacketEnchantItem
[17:13:19] [Client thread/INFO]: Injecting onc10packetcreativeinventoryaction[x1] in func_148833_a in C10PacketCreativeInventoryAction
[17:13:19] [Client thread/INFO]: Injecting onc0epacketclickwindow[x1] in func_148833_a in C0EPacketClickWindow
[17:13:22] [Client thread/INFO]: Generating new Event Handler Proxy Class com.mumfrey.liteloader.core.event.EventProxy
[17:13:22] [Client thread/INFO]: Successfully generated event handler proxy class with 51 handlers(s) and 51 total invokations
[17:13:23] [Client thread/INFO]: JInput Component Registry is initialising...
[17:13:23] [Client thread/INFO]: Inspecting Keyboard controller Êëàâèàòóðà HID on Unknown...
[17:13:23] [Client thread/INFO]: Inspecting Keyboard controller Êëàâèàòóðà HID on Unknown...
[17:13:23] [Client thread/INFO]: Inspecting Mouse controller HID-ñîâìåñòèìàÿ ìûøü on Unknown...
[17:13:23] [Client thread/INFO]: Inspecting Mouse controller HID-ñîâìåñòèìàÿ ìûøü on Unknown...
[17:13:23] [Client thread/INFO]: Inspecting Keyboard controller Êëàâèàòóðà HID on Unknown...
[17:13:23] [Client thread/INFO]: Inspecting Keyboard controller Keyboard Device Filter on Unknown...
[17:13:23] [Client thread/INFO]: Inspecting Keyboard controller Êëàâèàòóðà HID on Unknown...
[17:13:23] [Client thread/INFO]: Inspecting Mouse controller ASUS Touchpad on Unknown...
[17:13:23] [Client thread/INFO]: Inspecting Unknown controller USB Device on Unknown...
[17:13:23] [Client thread/INFO]: Inspecting Unknown controller USB Device on Unknown...
[17:13:23] [Client thread/INFO]: Inspecting Unknown controller ASUS Wireless Radio Control on Unknown...
[17:13:23] [Client thread/INFO]: Inspecting Unknown controller Logitech G35 Headset on Unknown...
[17:13:23] [Client thread/INFO]: JInput Component Registry initialised, found 12 controller(s) 665 component(s)
[17:13:23] [Client thread/INFO]: Injecting onc17packetcustompayload[x1] in func_148833_a in C17PacketCustomPayload
[17:13:23] [Client thread/INFO]: Injecting ons3fpacketcustompayload[x1] in func_148833_a in S3FPacketCustomPayload
[17:13:23] [Client thread/INFO]: LiteLoader begin INIT...
[17:13:23] [Client thread/INFO]: Baking listener list for CoreProvider with 2 listeners
[17:13:23] [Client thread/INFO]: Injecting external mods into class path...
[17:13:23] [Client thread/INFO]: Injecting external mods into class path...
[17:13:23] [Client thread/INFO]: Discovering mods on class path...
[17:13:23] [Client thread/INFO]: Searching D:\minecraft\M1.7.10\libraries\optifine\OptiFine\1.7.10_HD_U_E7\OptiFine-1.7.10_HD_U_E7.jar...
[17:13:23] [Client thread/INFO]: Searching D:\minecraft\M1.7.10\libraries\optifine\OptiFine\1.7.10_HD_U_E7\OptiFine-1.7.10_HD_U_E7.jar...
[17:13:23] [Client thread/INFO]: Searching D:\minecraft\M1.7.10\libraries\com\mumfrey\liteloader\1.7.10\liteloader-1.7.10.jar...
[17:13:23] [Client thread/INFO]: Searching D:\minecraft\M1.7.10\libraries\net\minecraft\launchwrapper\1.11\launchwrapper-1.11.jar...
[17:13:23] [Client thread/INFO]: Searching D:\minecraft\M1.7.10\libraries\org\ow2\asm\asm-all\5.0.3\asm-all-5.0.3.jar...
[17:13:23] [Client thread/INFO]: Searching D:\minecraft\M1.7.10\libraries\com\google\guava\guava\16.0\guava-16.0.jar...
[17:13:23] [Client thread/INFO]: Searching D:\minecraft\M1.7.10\libraries\com\mumfrey\liteloader\1.7.10\liteloader-1.7.10.jar...
[17:13:23] [Client thread/INFO]: Searching D:\minecraft\M1.7.10\libraries\net\minecraft\launchwrapper\1.11\launchwrapper-1.11.jar...
[17:13:23] [Client thread/INFO]: Searching D:\minecraft\M1.7.10\libraries\org\ow2\asm\asm-all\5.0.3\asm-all-5.0.3.jar...
[17:13:23] [Client thread/INFO]: Searching D:\minecraft\M1.7.10\libraries\com\google\guava\guava\16.0\guava-16.0.jar...
[17:13:23] [Client thread/INFO]: Searching D:\minecraft\M1.7.10\libraries\net\minecraftforge\forge\1.7.10-10.13.4.1614-1.7.10\forge-1.7.10-10.13.4.1614-1.7.10.jar...
[17:13:23] [Client thread/INFO]: Searching D:\minecraft\M1.7.10\libraries\net\minecraft\launchwrapper\1.12\launchwrapper-1.12.jar...
[17:13:23] [Client thread/INFO]: Searching D:\minecraft\M1.7.10\libraries\org\ow2\asm\asm-all\5.0.3\asm-all-5.0.3.jar...
[17:13:23] [Client thread/INFO]: Searching D:\minecraft\M1.7.10\libraries\com\typesafe\akka\akka-actor_2.11\2.3.3\akka-actor_2.11-2.3.3.jar...
[17:13:23] [Client thread/INFO]: Searching D:\minecraft\M1.7.10\libraries\com\typesafe\config\1.2.1\config-1.2.1.jar...
[17:13:23] [Client thread/INFO]: Searching D:\minecraft\M1.7.10\libraries\org\scala-lang\scala-actors-migration_2.11\1.1.0\scala-actors-migration_2.11-1.1.0.jar...
[17:13:23] [Client thread/INFO]: Searching D:\minecraft\M1.7.10\libraries\org\scala-lang\scala-compiler\2.11.1\scala-compiler-2.11.1.jar...
[17:13:23] [Client thread/INFO]: Searching D:\minecraft\M1.7.10\libraries\org\scala-lang\plugins\scala-continuations-library_2.11\1.0.2\scala-continuations-library_2.11-1.0.2.jar...
[17:13:23] [Client thread/INFO]: Searching D:\minecraft\M1.7.10\libraries\org\scala-lang\plugins\scala-continuations-plugin_2.11.1\1.0.2\scala-continuations-plugin_2.11.1-1.0.2.jar...
[17:13:23] [Client thread/INFO]: Searching D:\minecraft\M1.7.10\libraries\org\scala-lang\scala-library\2.11.1\scala-library-2.11.1.jar...
[17:13:23] [Client thread/INFO]: Searching D:\minecraft\M1.7.10\libraries\org\scala-lang\scala-parser-combinators_2.11\1.0.1\scala-parser-combinators_2.11-1.0.1.jar...
[17:13:23] [Client thread/INFO]: Searching D:\minecraft\M1.7.10\libraries\org\scala-lang\scala-reflect\2.11.1\scala-reflect-2.11.1.jar...
[17:13:23] [Client thread/INFO]: Searching D:\minecraft\M1.7.10\libraries\org\scala-lang\scala-swing_2.11\1.0.1\scala-swing_2.11-1.0.1.jar...
[17:13:23] [Client thread/INFO]: Searching D:\minecraft\M1.7.10\libraries\org\scala-lang\scala-xml_2.11\1.0.2\scala-xml_2.11-1.0.2.jar...
[17:13:23] [Client thread/INFO]: Searching D:\minecraft\M1.7.10\libraries\lzma\lzma\0.0.1\lzma-0.0.1.jar...
[17:13:23] [Client thread/INFO]: Searching D:\minecraft\M1.7.10\libraries\net\sf\jopt-simple\jopt-simple\4.5\jopt-simple-4.5.jar...
[17:13:23] [Client thread/INFO]: Searching D:\minecraft\M1.7.10\libraries\com\google\guava\guava\17.0\guava-17.0.jar...
[17:13:23] [Client thread/INFO]: Searching D:\minecraft\M1.7.10\libraries\org\apache\commons\commons-lang3\3.3.2\commons-lang3-3.3.2.jar...
[17:13:23] [Client thread/INFO]: Searching D:\minecraft\M1.7.10\libraries\net\minecraftforge\forge\1.7.10-10.13.4.1614-1.7.10\forge-1.7.10-10.13.4.1614-1.7.10.jar...
[17:13:23] [Client thread/INFO]: Searching D:\minecraft\M1.7.10\libraries\net\minecraft\launchwrapper\1.12\launchwrapper-1.12.jar...
[17:13:23] [Client thread/INFO]: Searching D:\minecraft\M1.7.10\libraries\org\ow2\asm\asm-all\5.0.3\asm-all-5.0.3.jar...
[17:13:23] [Client thread/INFO]: Searching D:\minecraft\M1.7.10\libraries\com\typesafe\akka\akka-actor_2.11\2.3.3\akka-actor_2.11-2.3.3.jar...
[17:13:23] [Client thread/INFO]: Searching D:\minecraft\M1.7.10\libraries\com\typesafe\config\1.2.1\config-1.2.1.jar...
[17:13:23] [Client thread/INFO]: Searching D:\minecraft\M1.7.10\libraries\org\scala-lang\scala-actors-migration_2.11\1.1.0\scala-actors-migration_2.11-1.1.0.jar...
[17:13:23] [Client thread/INFO]: Searching D:\minecraft\M1.7.10\libraries\org\scala-lang\scala-compiler\2.11.1\scala-compiler-2.11.1.jar...
[17:13:23] [Client thread/INFO]: Searching D:\minecraft\M1.7.10\libraries\org\scala-lang\plugins\scala-continuations-library_2.11\1.0.2\scala-continuations-library_2.11-1.0.2.jar...
[17:13:23] [Client thread/INFO]: Searching D:\minecraft\M1.7.10\libraries\org\scala-lang\plugins\scala-continuations-plugin_2.11.1\1.0.2\scala-continuations-plugin_2.11.1-1.0.2.jar...
[17:13:23] [Client thread/INFO]: Searching D:\minecraft\M1.7.10\libraries\org\scala-lang\scala-library\2.11.1\scala-library-2.11.1.jar...
[17:13:23] [Client thread/INFO]: Searching D:\minecraft\M1.7.10\libraries\org\scala-lang\scala-parser-combinators_2.11\1.0.1\scala-parser-combinators_2.11-1.0.1.jar...
[17:13:23] [Client thread/INFO]: Searching D:\minecraft\M1.7.10\libraries\org\scala-lang\scala-reflect\2.11.1\scala-reflect-2.11.1.jar...
[17:13:23] [Client thread/INFO]: Searching D:\minecraft\M1.7.10\libraries\org\scala-lang\scala-swing_2.11\1.0.1\scala-swing_2.11-1.0.1.jar...
[17:13:23] [Client thread/INFO]: Searching D:\minecraft\M1.7.10\libraries\org\scala-lang\scala-xml_2.11\1.0.2\scala-xml_2.11-1.0.2.jar...
[17:13:23] [Client thread/INFO]: Searching D:\minecraft\M1.7.10\libraries\lzma\lzma\0.0.1\lzma-0.0.1.jar...
[17:13:23] [Client thread/INFO]: Searching D:\minecraft\M1.7.10\libraries\net\sf\jopt-simple\jopt-simple\4.5\jopt-simple-4.5.jar...
[17:13:23] [Client thread/INFO]: Searching D:\minecraft\M1.7.10\libraries\com\google\guava\guava\17.0\guava-17.0.jar...
[17:13:23] [Client thread/INFO]: Searching D:\minecraft\M1.7.10\libraries\org\apache\commons\commons-lang3\3.3.2\commons-lang3-3.3.2.jar...
[17:13:23] [Client thread/INFO]: Searching D:\minecraft\M1.7.10\libraries\com\mojang\netty\1.6\netty-1.6.jar...
[17:13:23] [Client thread/INFO]: Searching D:\minecraft\M1.7.10\libraries\com\mojang\realms\1.3.5\realms-1.3.5.jar...
[17:13:23] [Client thread/INFO]: Searching D:\minecraft\M1.7.10\libraries\org\apache\commons\commons-compress\1.8.1\commons-compress-1.8.1.jar...
[17:13:23] [Client thread/INFO]: Searching D:\minecraft\M1.7.10\libraries\org\apache\httpcomponents\httpclient\4.3.3\httpclient-4.3.3.jar...
[17:13:23] [Client thread/INFO]: Searching D:\minecraft\M1.7.10\libraries\commons-logging\commons-logging\1.1.3\commons-logging-1.1.3.jar...
[17:13:23] [Client thread/INFO]: Searching D:\minecraft\M1.7.10\libraries\org\apache\httpcomponents\httpcore\4.3.2\httpcore-4.3.2.jar...
[17:13:23] [Client thread/INFO]: Searching D:\minecraft\M1.7.10\libraries\java3d\vecmath\1.3.1\vecmath-1.3.1.jar...
[17:13:23] [Client thread/INFO]: Searching D:\minecraft\M1.7.10\libraries\net\sf\trove4j\trove4j\3.0.3\trove4j-3.0.3.jar...
[17:13:23] [Client thread/INFO]: Searching D:\minecraft\M1.7.10\libraries\com\ibm\icu\icu4j-core-mojang\51.2\icu4j-core-mojang-51.2.jar...
[17:13:23] [Client thread/INFO]: Searching D:\minecraft\M1.7.10\libraries\net\sf\jopt-simple\jopt-simple\4.5\jopt-simple-4.5.jar...
[17:13:23] [Client thread/INFO]: Searching D:\minecraft\M1.7.10\libraries\com\paulscode\codecjorbis\20101023\codecjorbis-20101023.jar...
[17:13:23] [Client thread/INFO]: Searching D:\minecraft\M1.7.10\libraries\com\paulscode\codecwav\20101023\codecwav-20101023.jar...
[17:13:23] [Client thread/INFO]: Searching D:\minecraft\M1.7.10\libraries\com\paulscode\libraryjavasound\20101123\libraryjavasound-20101123.jar...
[17:13:23] [Client thread/INFO]: Searching D:\minecraft\M1.7.10\libraries\com\paulscode\librarylwjglopenal\20100824\librarylwjglopenal-20100824.jar...
[17:13:23] [Client thread/INFO]: Searching D:\minecraft\M1.7.10\libraries\com\paulscode\soundsystem\20120107\soundsystem-20120107.jar...
[17:13:23] [Client thread/INFO]: Searching D:\minecraft\M1.7.10\libraries\io\netty\netty-all\4.0.10.Final\netty-all-4.0.10.Final.jar...
[17:13:23] [Client thread/INFO]: Searching D:\minecraft\M1.7.10\libraries\com\google\guava\guava\15.0\guava-15.0.jar...
[17:13:23] [Client thread/INFO]: Searching D:\minecraft\M1.7.10\libraries\org\apache\commons\commons-lang3\3.1\commons-lang3-3.1.jar...
[17:13:23] [Client thread/INFO]: Searching D:\minecraft\M1.7.10\libraries\commons-io\commons-io\2.4\commons-io-2.4.jar...
[17:13:23] [Client thread/INFO]: Searching D:\minecraft\M1.7.10\libraries\commons-codec\commons-codec\1.9\commons-codec-1.9.jar...
[17:13:23] [Client thread/INFO]: Searching D:\minecraft\M1.7.10\libraries\net\java\jinput\jinput\2.0.5\jinput-2.0.5.jar...
[17:13:23] [Client thread/INFO]: Searching D:\minecraft\M1.7.10\libraries\net\java\jutils\jutils\1.0.0\jutils-1.0.0.jar...
[17:13:23] [Client thread/INFO]: Searching D:\minecraft\M1.7.10\libraries\com\google\code\gson\gson\2.2.4\gson-2.2.4.jar...
[17:13:23] [Client thread/INFO]: Searching D:\minecraft\M1.7.10\libraries\com\mojang\authlib\1.5.21\authlib-1.5.21.jar...
[17:13:23] [Client thread/INFO]: Searching D:\minecraft\M1.7.10\libraries\org\apache\logging\log4j\log4j-api\2.0-beta9\log4j-api-2.0-beta9.jar...
[17:13:23] [Client thread/INFO]: Searching D:\minecraft\M1.7.10\libraries\org\apache\logging\log4j\log4j-core\2.0-beta9\log4j-core-2.0-beta9.jar...
[17:13:23] [Client thread/INFO]: Searching D:\minecraft\M1.7.10\libraries\org\lwjgl\lwjgl\lwjgl\2.9.1\lwjgl-2.9.1.jar...
[17:13:23] [Client thread/INFO]: Searching D:\minecraft\M1.7.10\libraries\org\lwjgl\lwjgl\lwjgl_util\2.9.1\lwjgl_util-2.9.1.jar...
[17:13:23] [Client thread/INFO]: Searching D:\minecraft\M1.7.10\libraries\tv\twitch\twitch\5.16\twitch-5.16.jar...
[17:13:23] [Client thread/INFO]: Searching D:\minecraft\M1.7.10\versions\OptiForgeLiteLoader 1.7.10\OptiForgeLiteLoader 1.7.10.jar...
[17:13:23] [Client thread/INFO]: Discovering mods in valid mod files...
[17:13:23] [Client thread/INFO]: Discovering mods in valid mod files...
[17:13:23] [Client thread/INFO]: Mod class discovery completed
[17:13:23] [Client thread/INFO]: LiteLoader begin POSTINIT...
[17:13:23] [Client thread/INFO]: Inhibiting sound handler reload
[17:13:23] [Client thread/INFO]: Registering interface provider com.mumfrey.liteloader.client.ClientEvents for API LiteLoader core API
[17:13:23] [Client thread/INFO]: Injecting onc01packetchatmessage[x1] in func_148833_a in C01PacketChatMessage
[17:13:23] [Client thread/INFO]: Registering interface provider com.mumfrey.liteloader.client.PacketEventsClient for API LiteLoader core API
[17:13:23] [Client thread/INFO]: Injecting ons01packetjoingame[x1] in func_148833_a in S01PacketJoinGame
[17:13:23] [Client thread/INFO]: Injecting ons02packetchat[x1] in func_148833_a in S02PacketChat
[17:13:23] [Client thread/INFO]: Injecting ons02packetloginsuccess[x1] in func_148833_a in S02PacketLoginSuccess
[17:13:23] [Client thread/INFO]: Registering interface provider com.mumfrey.liteloader.client.ClientPluginChannelsClient for API LiteLoader core API
[17:13:23] [Client thread/INFO]: Registering interface provider com.mumfrey.liteloader.core.ServerPluginChannels for API LiteLoader core API
[17:13:23] [Client thread/INFO]: Registering interface provider com.mumfrey.liteloader.messaging.MessageBus for API LiteLoader core API
[17:13:23] [Client thread/INFO]: Discovered 0 total mod(s), injected 1 tweak(s)
[17:13:23] [Client thread/INFO]: No mod classes were found. Not loading any mods.
[17:13:30] [Client thread/INFO]: Injecting ons13packetdestroyentities[x1] in func_148833_a in S13PacketDestroyEntities
[17:13:30] [Client thread/INFO]: Injecting ons26packetmapchunkbulk[x1] in func_148833_a in S26PacketMapChunkBulk
[17:13:30] [Client thread/INFO]: Injecting ons2fpacketsetslot[x1] in func_148833_a in S2FPacketSetSlot
[17:13:30] [Client thread/INFO]: Injecting ons31packetwindowproperty[x1] in func_148833_a in S31PacketWindowProperty
[17:13:30] [Client thread/INFO]: Injecting ons30packetwindowitems[x1] in func_148833_a in S30PacketWindowItems
[17:13:30] [Client thread/INFO]: Injecting ons2epacketclosewindow[x1] in func_148833_a in S2EPacketCloseWindow
[17:13:30] [Client thread/INFO]: Injecting ons36packetsigneditoropen[x1] in func_148833_a in S36PacketSignEditorOpen
[17:13:30] [Client thread/INFO]: Injecting ons0apacketusebed[x1] in func_148833_a in S0APacketUseBed
[17:13:30] [Client thread/INFO]: Injecting ons39packetplayerabilities[x1] in func_148833_a in S39PacketPlayerAbilities
[17:13:30] [Client thread/INFO]: Injecting ons1dpacketentityeffect[x1] in func_148833_a in S1DPacketEntityEffect
[17:13:30] [Client thread/INFO]: Injecting ons1epacketremoveentityeffect[x1] in func_148833_a in S1EPacketRemoveEntityEffect
[17:13:30] [Client thread/INFO]: Injecting ons06packetupdatehealth[x1] in func_148833_a in S06PacketUpdateHealth
[17:13:30] [Client thread/INFO]: Injecting ons1fpacketsetexperience[x1] in func_148833_a in S1FPacketSetExperience
[17:14:26] [Client thread/INFO]: Baking listener list for ViewportListener with 0 listeners
[17:14:26] [Client thread/INFO]: Sound handler reload inhibit removed
[17:14:26] [Client thread/INFO]: Reloading sound handler
[17:14:27] [Client thread/INFO]: Baking listener list for GameLoopListener with 0 listeners
[17:14:27] [Client thread/INFO]: Baking listener list for RenderListener with 0 listeners
[17:14:27] [Client thread/INFO]: Baking listener list for TickObserver with 3 listeners
[17:14:27] [Client thread/INFO]: Baking listener list for PostRenderObserver with 3 listeners
[17:14:27] [Client thread/INFO]: Baking listener list for Tickable with 0 listeners
[17:14:27] [Client thread/INFO]: Baking listener list for WorldObserver with 2 listeners
[17:14:27] [Client thread/INFO]: Baking listener list for FrameBufferListener with 0 listeners
[17:14:39] [Client thread/INFO]: Injecting ons40packetdisconnect[x1] in func_148833_a in S40PacketDisconnect
[17:14:39] [Client thread/INFO]: Injecting ons29packetsoundeffect[x1] in func_148833_a in S29PacketSoundEffect
[17:14:39] [Client thread/INFO]: Injecting ons3epacketteams[x1] in func_148833_a in S3EPacketTeams
[17:14:39] [Client thread/INFO]: Injecting ons09packethelditemchange[x1] in func_148833_a in S09PacketHeldItemChange
[17:14:39] [Client thread/INFO]: Injecting ons07packetrespawn[x1] in func_148833_a in S07PacketRespawn
[17:14:39] [Client thread/INFO]: Injecting ons05packetspawnposition[x1] in func_148833_a in S05PacketSpawnPosition
[17:14:39] [Client thread/INFO]: Injecting ons38packetplayerlistitem[x1] in func_148833_a in S38PacketPlayerListItem
[17:14:39] [Client thread/INFO]: Baking listener list for ServerCommandProvider with 0 listeners
[17:14:42] [Server thread/INFO]: Injecting ons3dpacketdisplayscoreboard[x1] in func_148833_a in S3DPacketDisplayScoreboard
[17:14:42] [Server thread/INFO]: Injecting ons3cpacketupdatescore[x1] in func_148833_a in S3CPacketUpdateScore
[17:14:42] [Server thread/INFO]: Injecting ons3bpacketscoreboardobjective[x1] in func_148833_a in S3BPacketScoreboardObjective
[17:14:42] [Server thread/INFO]: Injecting ons28packeteffect[x1] in func_148833_a in S28PacketEffect
[17:14:42] [Server thread/INFO]: Injecting ons25packetblockbreakanim[x1] in func_148833_a in S25PacketBlockBreakAnim
[17:14:44] [Server thread/INFO]: Injecting ons12packetentityvelocity[x1] in func_148833_a in S12PacketEntityVelocity
[17:14:44] [Server thread/INFO]: Injecting ons16packetentitylook[x1] in func_148833_a in S14PacketEntity$S16PacketEntityLook
[17:14:44] [Server thread/INFO]: Injecting ons14packetentity[x1] in func_148833_a in S14PacketEntity
[17:14:44] [Server thread/INFO]: Injecting ons19packetentityheadlook[x1] in func_148833_a in S19PacketEntityHeadLook
[17:14:44] [Server thread/INFO]: Injecting ons1cpacketentitymetadata[x1] in func_148833_a in S1CPacketEntityMetadata
[17:14:44] [Server thread/INFO]: Injecting ons20packetentityproperties[x1] in func_148833_a in S20PacketEntityProperties
[17:14:44] [Server thread/INFO]: Injecting ons0epacketspawnobject[x1] in func_148833_a in S0EPacketSpawnObject
[17:14:44] [Server thread/INFO]: Injecting ons0cpacketspawnplayer[x1] in func_148833_a in S0CPacketSpawnPlayer
[17:14:44] [Server thread/INFO]: Injecting ons10packetspawnpainting[x1] in func_148833_a in S10PacketSpawnPainting
[17:14:44] [Server thread/INFO]: Injecting ons11packetspawnexperienceorb[x1] in func_148833_a in S11PacketSpawnExperienceOrb
[17:14:44] [Server thread/INFO]: Injecting ons0fpacketspawnmob[x1] in func_148833_a in S0FPacketSpawnMob
[17:14:46] [Netty Client IO #0/INFO]: Injecting ons00packetkeepalive[x1] in func_148833_a in S00PacketKeepAlive
[17:14:46] [Netty Client IO #0/INFO]: Injecting ons08packetplayerposlook[x1] in func_148833_a in S08PacketPlayerPosLook
[17:14:46] [Netty Client IO #0/INFO]: Injecting ons15packetentityrelmove[x1] in func_148833_a in S14PacketEntity$S15PacketEntityRelMove
[17:14:46] [Netty Client IO #0/INFO]: Injecting ons17packetentitylookmove[x1] in func_148833_a in S14PacketEntity$S17PacketEntityLookMove
[17:14:46] [Netty Client IO #0/INFO]: Injecting ons18packetentityteleport[x1] in func_148833_a in S18PacketEntityTeleport
[17:14:46] [Netty Client IO #0/INFO]: Injecting ons21packetchunkdata[x1] in func_148833_a in S21PacketChunkData
[17:14:46] [Netty Client IO #0/INFO]: Injecting ons22packetmultiblockchange[x1] in func_148833_a in S22PacketMultiBlockChange
[17:14:46] [Netty Client IO #0/INFO]: Injecting ons32packetconfirmtransaction[x1] in func_148833_a in S32PacketConfirmTransaction
[17:14:46] [Netty Client IO #0/INFO]: Injecting ons33packetupdatesign[x1] in func_148833_a in S33PacketUpdateSign
[17:14:46] [Netty Client IO #0/INFO]: Injecting ons37packetstatistics[x1] in func_148833_a in S37PacketStatistics
[17:14:46] [Netty Client IO #0/INFO]: Injecting ons3apackettabcomplete[x1] in func_148833_a in S3APacketTabComplete
[17:14:46] [Netty Client IO #0/INFO]: Injecting onc00packetkeepalive[x1] in func_148833_a in C00PacketKeepAlive
[17:14:46] [Netty Client IO #0/INFO]: Injecting onc03packetplayer[x1] in func_148833_a in C03PacketPlayer
[17:14:46] [Netty Client IO #0/INFO]: Injecting onc04packetplayerposition[x1] in func_148833_a in C03PacketPlayer$C04PacketPlayerPosition
[17:14:46] [Netty Client IO #0/INFO]: Injecting onc05packetplayerlook[x1] in func_148833_a in C03PacketPlayer$C05PacketPlayerLook
[17:14:46] [Netty Client IO #0/INFO]: Injecting onc06packetplayerposlook[x1] in func_148833_a in C03PacketPlayer$C06PacketPlayerPosLook
[17:14:46] [Netty Client IO #0/INFO]: Injecting onc0apacketanimation[x1] in func_148833_a in C0APacketAnimation
[17:14:46] [Netty Client IO #0/INFO]: Injecting onc0bpacketentityaction[x1] in func_148833_a in C0BPacketEntityAction
[17:14:46] [Netty Client IO #0/INFO]: Injecting onc0cpacketinput[x1] in func_148833_a in C0CPacketInput
[17:14:46] [Netty Client IO #0/INFO]: Injecting onc0dpacketclosewindow[x1] in func_148833_a in C0DPacketCloseWindow
[17:14:46] [Netty Client IO #0/INFO]: Injecting onc0fpacketconfirmtransaction[x1] in func_148833_a in C0FPacketConfirmTransaction
[17:14:46] [Netty Client IO #0/INFO]: Injecting onc12packetupdatesign[x1] in func_148833_a in C12PacketUpdateSign
[17:14:46] [Netty Client IO #0/INFO]: Injecting onc13packetplayerabilities[x1] in func_148833_a in C13PacketPlayerAbilities
[17:14:46] [Netty Client IO #0/INFO]: Injecting onc14packettabcomplete[x1] in func_148833_a in C14PacketTabComplete
[17:14:46] [Netty Client IO #0/INFO]: Injecting ons00packetserverinfo[x1] in func_148833_a in S00PacketServerInfo
[17:14:46] [Netty Client IO #0/INFO]: Injecting ons01packetpong[x1] in func_148833_a in S01PacketPong
[17:14:46] [Netty Client IO #0/INFO]: Injecting ons00packetdisconnect[x1] in func_148833_a in S00PacketDisconnect
[17:14:46] [Netty Client IO #0/INFO]: Injecting ons01packetencryptionrequest[x1] in func_148833_a in S01PacketEncryptionRequest
[17:14:46] [Netty Client IO #0/INFO]: Injecting onc01packetencryptionresponse[x1] in func_148833_a in C01PacketEncryptionResponse
[17:14:46] [Netty Client IO #0/INFO]: Generating new Event Handler Proxy Class com.mumfrey.liteloader.core.event.EventProxy$2
[17:14:46] [Netty Client IO #0/INFO]: Successfully generated event handler proxy class with 71 handlers(s) and 71 total invokations
[17:14:46] [Netty Client IO #0/INFO]: Baking listener list for PostLoginListener with 0 listeners
[17:14:46] [Server thread/INFO]: Baking listener list for ServerPlayerListener with 0 listeners
[17:14:46] [Client thread/INFO]: Baking listener list for PreJoinGameListener with 0 listeners
[17:14:48] [Client thread/INFO]: Baking listener list for JoinGameListener with 0 listeners
[17:14:48] [Client thread/INFO]: Baking listener list for PostRenderListener with 0 listeners
[17:14:48] [Client thread/INFO]: Baking listener list for HUDRenderListener with 0 listeners
[17:14:52] [Client thread/INFO]: Baking listener list for ChatListener with 0 listeners
[17:19:08] [Client thread/INFO]: LiteLoader is shutting down, shutting down core providers and syncing configuration
[17:19:08] [Client thread/INFO]: Baking listener list for ShutdownObserver with 2 listeners
